Copyright 1986-2019 Xilinx, Inc. All Rights Reserved.
-----------------------------------------------------------------------------------------------------------------------
| Tool Version : Vivado v.2019.2 (lin64) Build 2708876 Wed Nov  6 21:39:14 MST 2019
| Date         : Sat Dec  7 23:46:38 2019
| Host         : parallels-Parallels-Virtual-Platform running 64-bit Ubuntu 18.04.3 LTS
| Command      : report_utilization -file ultra96v2_top_utilization_placed.rpt -pb ultra96v2_top_utilization_placed.pb
| Design       : ultra96v2_top
| Device       : xczu3egsbva484-1
| Design State : Fully Placed
-----------------------------------------------------------------------------------------------------------------------

Utilization Design Information

Table of Contents
-----------------
1. CLB Logic
1.1 Summary of Registers by Type
2. CLB Logic Distribution
3. BLOCKRAM
4. ARITHMETIC
5. I/O
6. CLOCK
7. ADVANCED
8. CONFIGURATION
9. Primitives
10. Black Boxes
11. Instantiated Netlists

1. CLB Logic
------------

+----------------------------+------+-------+-----------+-------+
|          Site Type         | Used | Fixed | Available | Util% |
+----------------------------+------+-------+-----------+-------+
| CLB LUTs                   | 4746 |     0 |     70560 |  6.73 |
|   LUT as Logic             | 4404 |     0 |     70560 |  6.24 |
|   LUT as Memory            |  342 |     0 |     28800 |  1.19 |
|     LUT as Distributed RAM |  224 |     0 |           |       |
|     LUT as Shift Register  |  118 |     0 |           |       |
| CLB Registers              | 4487 |     0 |    141120 |  3.18 |
|   Register as Flip Flop    | 4487 |     0 |    141120 |  3.18 |
|   Register as Latch        |    0 |     0 |    141120 |  0.00 |
| CARRY8                     |    2 |     0 |      8820 |  0.02 |
| F7 Muxes                   |    0 |     0 |     35280 |  0.00 |
| F8 Muxes                   |    0 |     0 |     17640 |  0.00 |
| F9 Muxes                   |    0 |     0 |      8820 |  0.00 |
+----------------------------+------+-------+-----------+-------+


1.1 Summary of Registers by Type
--------------------------------

+-------+--------------+-------------+--------------+
| Total | Clock Enable | Synchronous | Asynchronous |
+-------+--------------+-------------+--------------+
| 0     |            _ |           - |            - |
| 0     |            _ |           - |          Set |
| 0     |            _ |           - |        Reset |
| 0     |            _ |         Set |            - |
| 0     |            _ |       Reset |            - |
| 0     |          Yes |           - |            - |
| 132   |          Yes |           - |          Set |
| 276   |          Yes |           - |        Reset |
| 131   |          Yes |         Set |            - |
| 3948  |          Yes |       Reset |            - |
+-------+--------------+-------------+--------------+


2. CLB Logic Distribution
-------------------------

+--------------------------------------------+------+-------+-----------+-------+
|                  Site Type                 | Used | Fixed | Available | Util% |
+--------------------------------------------+------+-------+-----------+-------+
| CLB                                        |  944 |     0 |      8820 | 10.70 |
|   CLBL                                     |  631 |     0 |           |       |
|   CLBM                                     |  313 |     0 |           |       |
| LUT as Logic                               | 4404 |     0 |     70560 |  6.24 |
|   using O5 output only                     |  133 |       |           |       |
|   using O6 output only                     | 3209 |       |           |       |
|   using O5 and O6                          | 1062 |       |           |       |
| LUT as Memory                              |  342 |     0 |     28800 |  1.19 |
|   LUT as Distributed RAM                   |  224 |     0 |           |       |
|     using O5 output only                   |    0 |       |           |       |
|     using O6 output only                   |    0 |       |           |       |
|     using O5 and O6                        |  224 |       |           |       |
|   LUT as Shift Register                    |  118 |     0 |           |       |
|     using O5 output only                   |    0 |       |           |       |
|     using O6 output only                   |  117 |       |           |       |
|     using O5 and O6                        |    1 |       |           |       |
| CLB Registers                              | 4487 |     0 |    141120 |  3.18 |
|   Register driven from within the CLB      | 2472 |       |           |       |
|   Register driven from outside the CLB     | 2015 |       |           |       |
|     LUT in front of the register is unused | 1111 |       |           |       |
|     LUT in front of the register is used   |  904 |       |           |       |
| Unique Control Sets                        |  288 |       |     17640 |  1.63 |
+--------------------------------------------+------+-------+-----------+-------+
* Note: Available Control Sets calculated as CLB Registers / 8, Review the Control Sets Report for more information regarding control sets.


3. BLOCKRAM
-----------

+-------------------+------+-------+-----------+-------+
|     Site Type     | Used | Fixed | Available | Util% |
+-------------------+------+-------+-----------+-------+
| Block RAM Tile    |    2 |     0 |       216 |  0.93 |
|   RAMB36/FIFO*    |    2 |     0 |       216 |  0.93 |
|     RAMB36E2 only |    2 |       |           |       |
|   RAMB18          |    0 |     0 |       432 |  0.00 |
+-------------------+------+-------+-----------+-------+
* Note: Each Block RAM Tile only has one FIFO logic available and therefore can accommodate only one FIFO36E2 or one FIFO18E2. However, if a FIFO18E2 occupies a Block RAM Tile, that tile can still accommodate a RAMB18E2


4. ARITHMETIC
-------------

+-----------+------+-------+-----------+-------+
| Site Type | Used | Fixed | Available | Util% |
+-----------+------+-------+-----------+-------+
| DSPs      |    0 |     0 |       360 |  0.00 |
+-----------+------+-------+-----------+-------+


5. I/O
------

+------------------+------+-------+-----------+-------+
|     Site Type    | Used | Fixed | Available | Util% |
+------------------+------+-------+-----------+-------+
| Bonded IOB       |   19 |    19 |        82 | 23.17 |
| HPIOB_M          |    0 |     0 |        26 |  0.00 |
| HPIOB_S          |    0 |     0 |        26 |  0.00 |
| HDIOB_M          |    8 |     8 |        12 | 66.67 |
|   INPUT          |    0 |       |           |       |
|   OUTPUT         |    1 |       |           |       |
|   BIDIR          |    7 |       |           |       |
| HDIOB_S          |   10 |    10 |        12 | 83.33 |
|   INPUT          |    1 |       |           |       |
|   OUTPUT         |    0 |       |           |       |
|   BIDIR          |    9 |       |           |       |
| HPIOB_SNGL       |    1 |     1 |         6 | 16.67 |
|   INPUT          |    0 |       |           |       |
|   OUTPUT         |    0 |       |           |       |
|   BIDIR          |    1 |       |           |       |
| HPIOBDIFFINBUF   |    0 |     0 |        72 |  0.00 |
| HPIOBDIFFOUTBUF  |    0 |     0 |        72 |  0.00 |
| HDIOBDIFFINBUF   |    0 |     0 |        48 |  0.00 |
| BITSLICE_CONTROL |    0 |     0 |        24 |  0.00 |
| BITSLICE_RX_TX   |    0 |     0 |       156 |  0.00 |
| BITSLICE_TX      |    0 |     0 |        24 |  0.00 |
| RIU_OR           |    0 |     0 |        12 |  0.00 |
+------------------+------+-------+-----------+-------+


6. CLOCK
--------

+----------------------+------+-------+-----------+-------+
|       Site Type      | Used | Fixed | Available | Util% |
+----------------------+------+-------+-----------+-------+
| GLOBAL CLOCK BUFFERs |    1 |     0 |       196 |  0.51 |
|   BUFGCE             |    0 |     0 |        88 |  0.00 |
|   BUFGCE_DIV         |    0 |     0 |        12 |  0.00 |
|   BUFG_PS            |    1 |     0 |        72 |  1.39 |
|   BUFGCTRL*          |    0 |     0 |        24 |  0.00 |
| PLL                  |    0 |     0 |         6 |  0.00 |
| MMCM                 |    0 |     0 |         3 |  0.00 |
+----------------------+------+-------+-----------+-------+
* Note: Each used BUFGCTRL counts as two GLOBAL CLOCK BUFFERs. This table does not include global clocking resources, only buffer cell usage. See the Clock Utilization Report (report_clock_utilization) for detailed accounting of global clocking resource availability.


7. ADVANCED
-----------

+-----------+------+-------+-----------+--------+
| Site Type | Used | Fixed | Available |  Util% |
+-----------+------+-------+-----------+--------+
| PS8       |    1 |     0 |         1 | 100.00 |
| SYSMONE4  |    0 |     0 |         1 |   0.00 |
+-----------+------+-------+-----------+--------+


8. CONFIGURATION
----------------

+-------------+------+-------+-----------+-------+
|  Site Type  | Used | Fixed | Available | Util% |
+-------------+------+-------+-----------+-------+
| BSCANE2     |    0 |     0 |         4 |  0.00 |
| DNA_PORTE2  |    0 |     0 |         1 |  0.00 |
| EFUSE_USR   |    0 |     0 |         1 |  0.00 |
| FRAME_ECCE4 |    0 |     0 |         1 |  0.00 |
| ICAPE3      |    0 |     0 |         2 |  0.00 |
| MASTER_JTAG |    0 |     0 |         1 |  0.00 |
| STARTUPE3   |    0 |     0 |         1 |  0.00 |
+-------------+------+-------+-----------+-------+


9. Primitives
-------------

+----------+------+---------------------+
| Ref Name | Used | Functional Category |
+----------+------+---------------------+
| FDRE     | 3948 |            Register |
| LUT6     | 1717 |                 CLB |
| LUT5     | 1407 |                 CLB |
| LUT3     |  890 |                 CLB |
| LUT4     |  754 |                 CLB |
| LUT2     |  520 |                 CLB |
| RAMD32   |  392 |                 CLB |
| FDCE     |  276 |            Register |
| LUT1     |  178 |                 CLB |
| FDPE     |  132 |            Register |
| FDSE     |  131 |            Register |
| SRLC32E  |   75 |                 CLB |
| RAMS32   |   56 |                 CLB |
| SRL16E   |   44 |                 CLB |
| INBUF    |   18 |                 I/O |
| IBUFCTRL |   18 |              Others |
| OBUFT    |   17 |                 I/O |
| RAMB36E2 |    2 |           Block Ram |
| CARRY8   |    2 |                 CLB |
| PS8      |    1 |            Advanced |
| OBUF     |    1 |                 I/O |
| BUFG_PS  |    1 |               Clock |
+----------+------+---------------------+


10. Black Boxes
---------------

+----------+------+
| Ref Name | Used |
+----------+------+


11. Instantiated Netlists
-------------------------

+----------------------------------+------+
|             Ref Name             | Used |
+----------------------------------+------+
| ultra96v2_bd_zynq_ultra_ps_e_0_0 |    1 |
| ultra96v2_bd_xbar_0              |    1 |
| ultra96v2_bd_rst_ps8_0_100M_1    |    1 |
| ultra96v2_bd_blk_mem_gen_0_0     |    1 |
| ultra96v2_bd_axi_uart16550_0_0   |    1 |
| ultra96v2_bd_axi_gpio_0_1        |    1 |
| ultra96v2_bd_axi_gpio_0_0        |    1 |
| ultra96v2_bd_axi_bram_ctrl_0_0   |    1 |
| ultra96v2_bd_auto_pc_2           |    1 |
| ultra96v2_bd_auto_pc_1           |    1 |
| ultra96v2_bd_auto_pc_0           |    1 |
| ultra96v2_bd_auto_ds_3           |    1 |
| ultra96v2_bd_auto_ds_2           |    1 |
| ultra96v2_bd_auto_ds_1           |    1 |
| ultra96v2_bd_auto_ds_0           |    1 |
+----------------------------------+------+


